{"/Users/romanbubnov/Code/rs-react-app/rs-react-app/src/main.tsx": {"path":"/Users/romanbubnov/Code/rs-react-app/rs-react-app/src/main.tsx","statementMap":{"0":{"start":{"line":1,"column":0},"end":{"line":1,"column":40}},"1":{"start":{"line":2,"column":0},"end":{"line":2,"column":34}},"2":{"start":{"line":3,"column":0},"end":{"line":3,"column":21}},"3":{"start":{"line":5,"column":13},"end":{"line":5,"column":52}},"4":{"start":{"line":7,"column":0},"end":{"line":7,"column":52}},"5":{"start":{"line":7,"column":10},"end":{"line":7,"column":52}}},"fnMap":{},"branchMap":{"0":{"loc":{"start":{"line":7,"column":0},"end":{"line":7,"column":52}},"type":"if","locations":[{"start":{"line":7,"column":0},"end":{"line":7,"column":52}},{"start":{},"end":{}}]}},"s":{"0":0,"1":0,"2":0,"3":0,"4":0,"5":0},"f":{},"b":{"0":[0,0]}}
,"/Users/romanbubnov/Code/rs-react-app/rs-react-app/src/app/app.tsx": {"path":"/Users/romanbubnov/Code/rs-react-app/rs-react-app/src/app/app.tsx","statementMap":{"0":{"start":{"line":1,"column":0},"end":{"line":1,"column":35}},"1":{"start":{"line":2,"column":0},"end":{"line":2,"column":41}},"2":{"start":{"line":3,"column":0},"end":{"line":3,"column":26}},"3":{"start":{"line":7,"column":4},"end":{"line":11,"column":6}},"4":{"start":{"line":5,"column":0},"end":{"line":5,"column":13}}},"fnMap":{"0":{"name":"(anonymous_1)","decl":{"start":{"line":6,"column":2},"end":{"line":6,"column":8}},"loc":{"start":{"line":6,"column":8},"end":{"line":12,"column":3}}}},"branchMap":{},"s":{"0":1,"1":1,"2":1,"3":1,"4":1},"f":{"0":1},"b":{}}
,"/Users/romanbubnov/Code/rs-react-app/rs-react-app/src/app/index.ts": {"path":"/Users/romanbubnov/Code/rs-react-app/rs-react-app/src/app/index.ts","statementMap":{"0":{"start":{"line":1,"column":0},"end":{"line":1,"column":9}},"1":{"start":{"line":1,"column":9},"end":{"line":1,"column":28}}},"fnMap":{"0":{"name":"(anonymous_0)","decl":{"start":{"line":1,"column":9},"end":{"line":1,"column":12}},"loc":{"start":{"line":1,"column":9},"end":{"line":1,"column":28}}}},"branchMap":{},"s":{"0":1,"1":2},"f":{"0":1},"b":{}}
,"/Users/romanbubnov/Code/rs-react-app/rs-react-app/src/pages/index.ts": {"path":"/Users/romanbubnov/Code/rs-react-app/rs-react-app/src/pages/index.ts","statementMap":{"0":{"start":{"line":1,"column":0},"end":{"line":1,"column":23}}},"fnMap":{},"branchMap":{},"s":{"0":1},"f":{},"b":{}}
,"/Users/romanbubnov/Code/rs-react-app/rs-react-app/src/pages/main/index.ts": {"path":"/Users/romanbubnov/Code/rs-react-app/rs-react-app/src/pages/main/index.ts","statementMap":{"0":{"start":{"line":1,"column":0},"end":{"line":1,"column":21}}},"fnMap":{},"branchMap":{},"s":{"0":0},"f":{},"b":{}}
,"/Users/romanbubnov/Code/rs-react-app/rs-react-app/src/pages/main/api/api-client.ts": {"path":"/Users/romanbubnov/Code/rs-react-app/rs-react-app/src/pages/main/api/api-client.ts","statementMap":{"0":{"start":{"line":3,"column":17},"end":{"line":3,"column":53}},"1":{"start":{"line":5,"column":18},"end":{"line":18,"column":1}},"2":{"start":{"line":6,"column":2},"end":{"line":17,"column":3}},"3":{"start":{"line":7,"column":21},"end":{"line":7,"column":37}},"4":{"start":{"line":8,"column":4},"end":{"line":10,"column":5}},"5":{"start":{"line":9,"column":6},"end":{"line":9,"column":64}},"6":{"start":{"line":11,"column":17},"end":{"line":11,"column":38}},"7":{"start":{"line":12,"column":4},"end":{"line":12,"column":16}},"8":{"start":{"line":14,"column":4},"end":{"line":16,"column":5}},"9":{"start":{"line":15,"column":6},"end":{"line":15,"column":19}},"10":{"start":{"line":20,"column":32},"end":{"line":24,"column":1}},"11":{"start":{"line":21,"column":21},"end":{"line":21,"column":36}},"12":{"start":{"line":22,"column":34},"end":{"line":22,"column":66}},"13":{"start":{"line":23,"column":2},"end":{"line":23,"column":45}},"14":{"start":{"line":20,"column":13},"end":{"line":20,"column":32}},"15":{"start":{"line":26,"column":29},"end":{"line":29,"column":1}},"16":{"start":{"line":27,"column":36},"end":{"line":27,"column":73}},"17":{"start":{"line":28,"column":2},"end":{"line":28,"column":45}},"18":{"start":{"line":26,"column":13},"end":{"line":26,"column":29}}},"fnMap":{"0":{"name":"(anonymous_0)","decl":{"start":{"line":5,"column":18},"end":{"line":5,"column":23}},"loc":{"start":{"line":5,"column":40},"end":{"line":18,"column":1}}},"1":{"name":"(anonymous_1)","decl":{"start":{"line":20,"column":32},"end":{"line":20,"column":37}},"loc":{"start":{"line":20,"column":55},"end":{"line":24,"column":1}}},"2":{"name":"(anonymous_2)","decl":{"start":{"line":26,"column":29},"end":{"line":26,"column":34}},"loc":{"start":{"line":26,"column":52},"end":{"line":29,"column":1}}}},"branchMap":{"0":{"loc":{"start":{"line":8,"column":4},"end":{"line":10,"column":5}},"type":"if","locations":[{"start":{"line":8,"column":4},"end":{"line":10,"column":5}},{"start":{},"end":{}}]},"1":{"loc":{"start":{"line":14,"column":4},"end":{"line":16,"column":5}},"type":"if","locations":[{"start":{"line":14,"column":4},"end":{"line":16,"column":5}},{"start":{},"end":{}}]},"2":{"loc":{"start":{"line":21,"column":21},"end":{"line":21,"column":36}},"type":"binary-expr","locations":[{"start":{"line":21,"column":21},"end":{"line":21,"column":24}},{"start":{"line":21,"column":28},"end":{"line":21,"column":36}}]},"3":{"loc":{"start":{"line":23,"column":9},"end":{"line":23,"column":44}},"type":"cond-expr","locations":[{"start":{"line":23,"column":33},"end":{"line":23,"column":37}},{"start":{"line":23,"column":40},"end":{"line":23,"column":44}}]},"4":{"loc":{"start":{"line":28,"column":9},"end":{"line":28,"column":44}},"type":"cond-expr","locations":[{"start":{"line":28,"column":33},"end":{"line":28,"column":37}},{"start":{"line":28,"column":40},"end":{"line":28,"column":44}}]}},"s":{"0":3,"1":3,"2":4,"3":4,"4":4,"5":2,"6":2,"7":2,"8":2,"9":2,"10":3,"11":2,"12":2,"13":2,"14":3,"15":3,"16":2,"17":2,"18":3},"f":{"0":4,"1":2,"2":2},"b":{"0":[2,2],"1":[2,0],"2":[2,2],"3":[1,1],"4":[1,1]}}
,"/Users/romanbubnov/Code/rs-react-app/rs-react-app/src/pages/main/api/index.ts": {"path":"/Users/romanbubnov/Code/rs-react-app/rs-react-app/src/pages/main/api/index.ts","statementMap":{"0":{"start":{"line":1,"column":0},"end":{"line":1,"column":29}}},"fnMap":{},"branchMap":{},"s":{"0":4},"f":{},"b":{}}
,"/Users/romanbubnov/Code/rs-react-app/rs-react-app/src/pages/main/ui/index.ts": {"path":"/Users/romanbubnov/Code/rs-react-app/rs-react-app/src/pages/main/ui/index.ts","statementMap":{"0":{"start":{"line":1,"column":0},"end":{"line":1,"column":9}},"1":{"start":{"line":1,"column":9},"end":{"line":1,"column":39}},"2":{"start":{"line":2,"column":0},"end":{"line":2,"column":46}}},"fnMap":{"0":{"name":"(anonymous_4)","decl":{"start":{"line":1,"column":9},"end":{"line":1,"column":17}},"loc":{"start":{"line":1,"column":9},"end":{"line":1,"column":39}}}},"branchMap":{},"s":{"0":2,"1":3,"2":2},"f":{"0":1},"b":{}}
,"/Users/romanbubnov/Code/rs-react-app/rs-react-app/src/pages/main/ui/main-page.tsx": {"path":"/Users/romanbubnov/Code/rs-react-app/rs-react-app/src/pages/main/ui/main-page.tsx","statementMap":{"0":{"start":{"line":1,"column":0},"end":{"line":1,"column":60}},"1":{"start":{"line":2,"column":0},"end":{"line":2,"column":26}},"2":{"start":{"line":3,"column":0},"end":{"line":3,"column":40}},"3":{"start":{"line":4,"column":0},"end":{"line":4,"column":57}},"4":{"start":{"line":5,"column":0},"end":{"line":5,"column":71}},"5":{"start":{"line":6,"column":0},"end":{"line":6,"column":67}},"6":{"start":{"line":7,"column":0},"end":{"line":7,"column":39}},"7":{"start":{"line":8,"column":0},"end":{"line":8,"column":72}},"8":{"start":{"line":11,"column":2},"end":{"line":16,"column":null}},"9":{"start":{"line":18,"column":2},"end":{"line":24,"column":null}},"10":{"start":{"line":19,"column":22},"end":{"line":20,"column":null}},"11":{"start":{"line":20,"column":39},"end":{"line":20,"column":71}},"12":{"start":{"line":22,"column":17},"end":{"line":22,"column":45}},"13":{"start":{"line":23,"column":4},"end":{"line":23,"column":16}},"14":{"start":{"line":26,"column":2},"end":{"line":31,"column":null}},"15":{"start":{"line":27,"column":25},"end":{"line":27,"column":37}},"16":{"start":{"line":28,"column":4},"end":{"line":30,"column":31}},"17":{"start":{"line":29,"column":6},"end":{"line":29,"column":38}},"18":{"start":{"line":30,"column":11},"end":{"line":30,"column":31}},"19":{"start":{"line":33,"column":2},"end":{"line":51,"column":null}},"20":{"start":{"line":34,"column":4},"end":{"line":34,"column":37}},"21":{"start":{"line":35,"column":4},"end":{"line":50,"column":5}},"22":{"start":{"line":36,"column":23},"end":{"line":36,"column":47}},"23":{"start":{"line":37,"column":6},"end":{"line":42,"column":7}},"24":{"start":{"line":38,"column":8},"end":{"line":38,"column":67}},"25":{"start":{"line":40,"column":21},"end":{"line":40,"column":65}},"26":{"start":{"line":41,"column":8},"end":{"line":41,"column":67}},"27":{"start":{"line":44,"column":23},"end":{"line":44,"column":69}},"28":{"start":{"line":45,"column":6},"end":{"line":49,"column":7}},"29":{"start":{"line":46,"column":8},"end":{"line":46,"column":67}},"30":{"start":{"line":48,"column":8},"end":{"line":48,"column":73}},"31":{"start":{"line":53,"column":2},"end":{"line":58,"column":null}},"32":{"start":{"line":54,"column":4},"end":{"line":54,"column":51}},"33":{"start":{"line":55,"column":4},"end":{"line":57,"column":5}},"34":{"start":{"line":56,"column":6},"end":{"line":56,"column":70}},"35":{"start":{"line":60,"column":2},"end":{"line":64,"column":null}},"36":{"start":{"line":61,"column":4},"end":{"line":61,"column":37}},"37":{"start":{"line":62,"column":17},"end":{"line":62,"column":47}},"38":{"start":{"line":63,"column":4},"end":{"line":63,"column":63}},"39":{"start":{"line":67,"column":37},"end":{"line":67,"column":47}},"40":{"start":{"line":69,"column":4},"end":{"line":84,"column":6}},"41":{"start":{"line":10,"column":0},"end":{"line":10,"column":13}}},"fnMap":{"0":{"name":"(anonymous_1)","decl":{"start":{"line":10,"column":0},"end":{"line":10,"column":13}},"loc":{"start":{"line":10,"column":0},"end":{"line":86,"column":1}}},"1":{"name":"(anonymous_2)","decl":{"start":{"line":18,"column":19},"end":{"line":18,"column":24}},"loc":{"start":{"line":18,"column":53},"end":{"line":24,"column":3}}},"2":{"name":"(anonymous_3)","decl":{"start":{"line":20,"column":6},"end":{"line":20,"column":11}},"loc":{"start":{"line":20,"column":39},"end":{"line":20,"column":71}}},"3":{"name":"(anonymous_4)","decl":{"start":{"line":26,"column":22},"end":{"line":26,"column":27}},"loc":{"start":{"line":26,"column":33},"end":{"line":31,"column":3}}},"4":{"name":"(anonymous_5)","decl":{"start":{"line":33,"column":17},"end":{"line":33,"column":22}},"loc":{"start":{"line":33,"column":48},"end":{"line":51,"column":3}}},"5":{"name":"(anonymous_6)","decl":{"start":{"line":53,"column":16},"end":{"line":53,"column":17}},"loc":{"start":{"line":53,"column":41},"end":{"line":58,"column":3}}},"6":{"name":"(anonymous_7)","decl":{"start":{"line":60,"column":21},"end":{"line":60,"column":26}},"loc":{"start":{"line":60,"column":50},"end":{"line":64,"column":3}}},"7":{"name":"(anonymous_8)","decl":{"start":{"line":66,"column":2},"end":{"line":66,"column":8}},"loc":{"start":{"line":66,"column":8},"end":{"line":85,"column":3}}}},"branchMap":{"0":{"loc":{"start":{"line":28,"column":4},"end":{"line":30,"column":31}},"type":"if","locations":[{"start":{"line":28,"column":4},"end":{"line":30,"column":31}},{"start":{"line":30,"column":11},"end":{"line":30,"column":31}}]},"1":{"loc":{"start":{"line":35,"column":4},"end":{"line":50,"column":5}},"type":"if","locations":[{"start":{"line":35,"column":4},"end":{"line":50,"column":5}},{"start":{"line":43,"column":11},"end":{"line":50,"column":5}}]},"2":{"loc":{"start":{"line":35,"column":8},"end":{"line":35,"column":51}},"type":"binary-expr","locations":[{"start":{"line":35,"column":8},"end":{"line":35,"column":20}},{"start":{"line":35,"column":24},"end":{"line":35,"column":51}}]},"3":{"loc":{"start":{"line":37,"column":6},"end":{"line":42,"column":7}},"type":"if","locations":[{"start":{"line":37,"column":6},"end":{"line":42,"column":7}},{"start":{"line":39,"column":13},"end":{"line":42,"column":7}}]},"4":{"loc":{"start":{"line":45,"column":6},"end":{"line":49,"column":7}},"type":"if","locations":[{"start":{"line":45,"column":6},"end":{"line":49,"column":7}},{"start":{"line":47,"column":13},"end":{"line":49,"column":7}}]},"5":{"loc":{"start":{"line":55,"column":4},"end":{"line":57,"column":5}},"type":"if","locations":[{"start":{"line":55,"column":4},"end":{"line":57,"column":5}},{"start":{},"end":{}}]},"6":{"loc":{"start":{"line":75,"column":11},"end":{"line":80,"column":null}},"type":"cond-expr","locations":[{"start":{"line":76,"column":12},"end":{"line":76,"column":32}},{"start":{"line":77,"column":14},"end":{"line":80,"column":null}}]},"7":{"loc":{"start":{"line":77,"column":14},"end":{"line":80,"column":null}},"type":"cond-expr","locations":[{"start":{"line":78,"column":12},"end":{"line":78,"column":57}},{"start":{"line":80,"column":12},"end":{"line":80,"column":33}}]}},"s":{"0":2,"1":2,"2":2,"3":2,"4":2,"5":2,"6":2,"7":2,"8":1,"9":1,"10":0,"11":0,"12":0,"13":0,"14":1,"15":1,"16":1,"17":1,"18":0,"19":1,"20":2,"21":2,"22":0,"23":0,"24":0,"25":0,"26":0,"27":2,"28":2,"29":0,"30":2,"31":1,"32":0,"33":0,"34":0,"35":1,"36":0,"37":0,"38":0,"39":2,"40":2,"41":2},"f":{"0":1,"1":0,"2":0,"3":1,"4":2,"5":0,"6":0,"7":2},"b":{"0":[1,0],"1":[0,2],"2":[2,2],"3":[0,0],"4":[0,2],"5":[0,0],"6":[2,0],"7":[0,0]}}
,"/Users/romanbubnov/Code/rs-react-app/rs-react-app/src/pages/main/ui/buttons-section/error-button.tsx": {"path":"/Users/romanbubnov/Code/rs-react-app/rs-react-app/src/pages/main/ui/buttons-section/error-button.tsx","statementMap":{"0":{"start":{"line":2,"column":0},"end":{"line":2,"column":26}},"1":{"start":{"line":3,"column":0},"end":{"line":3,"column":39}},"2":{"start":{"line":6,"column":2},"end":{"line":17,"column":null}},"3":{"start":{"line":7,"column":4},"end":{"line":16,"column":5}},"4":{"start":{"line":8,"column":6},"end":{"line":15,"column":7}},"5":{"start":{"line":9,"column":8},"end":{"line":9,"column":44}},"6":{"start":{"line":11,"column":8},"end":{"line":14,"column":9}},"7":{"start":{"line":12,"column":10},"end":{"line":12,"column":31}},"8":{"start":{"line":13,"column":10},"end":{"line":13,"column":36}},"9":{"start":{"line":19,"column":4},"end":{"line":23,"column":6}},"10":{"start":{"line":5,"column":0},"end":{"line":5,"column":13}}},"fnMap":{"0":{"name":"(anonymous_1)","decl":{"start":{"line":5,"column":0},"end":{"line":5,"column":13}},"loc":{"start":{"line":5,"column":0},"end":{"line":25,"column":1}}},"1":{"name":"(anonymous_2)","decl":{"start":{"line":6,"column":16},"end":{"line":6,"column":19}},"loc":{"start":{"line":6,"column":21},"end":{"line":17,"column":3}}},"2":{"name":"(anonymous_3)","decl":{"start":{"line":18,"column":2},"end":{"line":18,"column":8}},"loc":{"start":{"line":18,"column":8},"end":{"line":24,"column":3}}}},"branchMap":{"0":{"loc":{"start":{"line":7,"column":4},"end":{"line":16,"column":5}},"type":"if","locations":[{"start":{"line":7,"column":4},"end":{"line":16,"column":5}},{"start":{},"end":{}}]},"1":{"loc":{"start":{"line":11,"column":8},"end":{"line":14,"column":9}},"type":"if","locations":[{"start":{"line":11,"column":8},"end":{"line":14,"column":9}},{"start":{},"end":{}}]}},"s":{"0":4,"1":4,"2":2,"3":1,"4":1,"5":1,"6":1,"7":1,"8":1,"9":3,"10":4},"f":{"0":2,"1":1,"2":3},"b":{"0":[1,0],"1":[1,0]}}
,"/Users/romanbubnov/Code/rs-react-app/rs-react-app/src/pages/main/ui/buttons-section/index.ts": {"path":"/Users/romanbubnov/Code/rs-react-app/rs-react-app/src/pages/main/ui/buttons-section/index.ts","statementMap":{"0":{"start":{"line":1,"column":0},"end":{"line":1,"column":9}},"1":{"start":{"line":1,"column":9},"end":{"line":1,"column":45}},"2":{"start":{"line":2,"column":0},"end":{"line":2,"column":9}},"3":{"start":{"line":2,"column":9},"end":{"line":2,"column":57}}},"fnMap":{"0":{"name":"(anonymous_0)","decl":{"start":{"line":1,"column":9},"end":{"line":1,"column":20}},"loc":{"start":{"line":1,"column":9},"end":{"line":1,"column":45}}},"1":{"name":"(anonymous_1)","decl":{"start":{"line":2,"column":9},"end":{"line":2,"column":26}},"loc":{"start":{"line":2,"column":9},"end":{"line":2,"column":57}}}},"branchMap":{},"s":{"0":4,"1":7,"2":4,"3":10},"f":{"0":3,"1":6},"b":{}}
,"/Users/romanbubnov/Code/rs-react-app/rs-react-app/src/pages/main/ui/buttons-section/pagination-buttons.tsx": {"path":"/Users/romanbubnov/Code/rs-react-app/rs-react-app/src/pages/main/ui/buttons-section/pagination-buttons.tsx","statementMap":{"0":{"start":{"line":1,"column":0},"end":{"line":1,"column":26}},"1":{"start":{"line":2,"column":0},"end":{"line":2,"column":45}},"2":{"start":{"line":4,"column":0},"end":{"line":4,"column":39}},"3":{"start":{"line":7,"column":2},"end":{"line":10,"column":null}},"4":{"start":{"line":18,"column":2},"end":{"line":25,"column":null}},"5":{"start":{"line":19,"column":21},"end":{"line":19,"column":60}},"6":{"start":{"line":20,"column":4},"end":{"line":24,"column":5}},"7":{"start":{"line":21,"column":6},"end":{"line":21,"column":72}},"8":{"start":{"line":22,"column":19},"end":{"line":22,"column":60}},"9":{"start":{"line":23,"column":6},"end":{"line":23,"column":77}},"10":{"start":{"line":23,"column":44},"end":{"line":23,"column":77}},"11":{"start":{"line":27,"column":2},"end":{"line":34,"column":null}},"12":{"start":{"line":28,"column":21},"end":{"line":28,"column":60}},"13":{"start":{"line":29,"column":4},"end":{"line":33,"column":5}},"14":{"start":{"line":30,"column":6},"end":{"line":30,"column":72}},"15":{"start":{"line":31,"column":19},"end":{"line":31,"column":56}},"16":{"start":{"line":32,"column":6},"end":{"line":32,"column":77}},"17":{"start":{"line":32,"column":44},"end":{"line":32,"column":77}},"18":{"start":{"line":13,"column":21},"end":{"line":13,"column":45}},"19":{"start":{"line":14,"column":4},"end":{"line":15,"column":70}},"20":{"start":{"line":15,"column":6},"end":{"line":15,"column":70}},"21":{"start":{"line":37,"column":4},"end":{"line":46,"column":6}},"22":{"start":{"line":6,"column":0},"end":{"line":6,"column":13}}},"fnMap":{"0":{"name":"(anonymous_1)","decl":{"start":{"line":6,"column":0},"end":{"line":6,"column":13}},"loc":{"start":{"line":6,"column":0},"end":{"line":48,"column":1}}},"1":{"name":"(anonymous_2)","decl":{"start":{"line":18,"column":20},"end":{"line":18,"column":25}},"loc":{"start":{"line":18,"column":31},"end":{"line":25,"column":3}}},"2":{"name":"(anonymous_3)","decl":{"start":{"line":27,"column":20},"end":{"line":27,"column":25}},"loc":{"start":{"line":27,"column":31},"end":{"line":34,"column":3}}},"3":{"name":"(anonymous_4)","decl":{"start":{"line":12,"column":2},"end":{"line":12,"column":7}},"loc":{"start":{"line":12,"column":25},"end":{"line":16,"column":3}}},"4":{"name":"(anonymous_5)","decl":{"start":{"line":36,"column":2},"end":{"line":36,"column":8}},"loc":{"start":{"line":36,"column":8},"end":{"line":47,"column":3}}}},"branchMap":{"0":{"loc":{"start":{"line":20,"column":4},"end":{"line":24,"column":5}},"type":"if","locations":[{"start":{"line":20,"column":4},"end":{"line":24,"column":5}},{"start":{},"end":{}}]},"1":{"loc":{"start":{"line":20,"column":8},"end":{"line":20,"column":48}},"type":"binary-expr","locations":[{"start":{"line":20,"column":8},"end":{"line":20,"column":16}},{"start":{"line":20,"column":20},"end":{"line":20,"column":48}}]},"2":{"loc":{"start":{"line":23,"column":6},"end":{"line":23,"column":77}},"type":"if","locations":[{"start":{"line":23,"column":6},"end":{"line":23,"column":77}},{"start":{},"end":{}}]},"3":{"loc":{"start":{"line":23,"column":10},"end":{"line":23,"column":42}},"type":"binary-expr","locations":[{"start":{"line":23,"column":10},"end":{"line":23,"column":14}},{"start":{"line":23,"column":18},"end":{"line":23,"column":42}}]},"4":{"loc":{"start":{"line":29,"column":4},"end":{"line":33,"column":5}},"type":"if","locations":[{"start":{"line":29,"column":4},"end":{"line":33,"column":5}},{"start":{},"end":{}}]},"5":{"loc":{"start":{"line":29,"column":8},"end":{"line":29,"column":48}},"type":"binary-expr","locations":[{"start":{"line":29,"column":8},"end":{"line":29,"column":16}},{"start":{"line":29,"column":20},"end":{"line":29,"column":48}}]},"6":{"loc":{"start":{"line":32,"column":6},"end":{"line":32,"column":77}},"type":"if","locations":[{"start":{"line":32,"column":6},"end":{"line":32,"column":77}},{"start":{},"end":{}}]},"7":{"loc":{"start":{"line":32,"column":10},"end":{"line":32,"column":42}},"type":"binary-expr","locations":[{"start":{"line":32,"column":10},"end":{"line":32,"column":14}},{"start":{"line":32,"column":18},"end":{"line":32,"column":42}}]},"8":{"loc":{"start":{"line":14,"column":4},"end":{"line":15,"column":70}},"type":"if","locations":[{"start":{"line":14,"column":4},"end":{"line":15,"column":70}},{"start":{},"end":{}}]},"9":{"loc":{"start":{"line":14,"column":8},"end":{"line":14,"column":48}},"type":"binary-expr","locations":[{"start":{"line":14,"column":8},"end":{"line":14,"column":16}},{"start":{"line":14,"column":20},"end":{"line":14,"column":48}}]}},"s":{"0":4,"1":4,"2":4,"3":5,"4":5,"5":1,"6":1,"7":1,"8":1,"9":1,"10":0,"11":5,"12":1,"13":1,"14":1,"15":1,"16":1,"17":0,"18":5,"19":5,"20":3,"21":10,"22":4},"f":{"0":5,"1":1,"2":1,"3":5,"4":10},"b":{"0":[1,0],"1":[1,1],"2":[0,1],"3":[1,0],"4":[1,0],"5":[1,1],"6":[0,1],"7":[1,0],"8":[3,2],"9":[5,4]}}
,"/Users/romanbubnov/Code/rs-react-app/rs-react-app/src/pages/main/ui/components-section/error-component.tsx": {"path":"/Users/romanbubnov/Code/rs-react-app/rs-react-app/src/pages/main/ui/components-section/error-component.tsx","statementMap":{"0":{"start":{"line":1,"column":0},"end":{"line":1,"column":26}},"1":{"start":{"line":2,"column":0},"end":{"line":2,"column":39}},"2":{"start":{"line":6,"column":24},"end":{"line":6,"column":34}},"3":{"start":{"line":7,"column":4},"end":{"line":11,"column":6}},"4":{"start":{"line":4,"column":0},"end":{"line":4,"column":13}}},"fnMap":{"0":{"name":"(anonymous_1)","decl":{"start":{"line":5,"column":2},"end":{"line":5,"column":8}},"loc":{"start":{"line":5,"column":8},"end":{"line":12,"column":3}}}},"branchMap":{},"s":{"0":4,"1":4,"2":1,"3":1,"4":4},"f":{"0":1},"b":{}}
,"/Users/romanbubnov/Code/rs-react-app/rs-react-app/src/pages/main/ui/components-section/index.ts": {"path":"/Users/romanbubnov/Code/rs-react-app/rs-react-app/src/pages/main/ui/components-section/index.ts","statementMap":{"0":{"start":{"line":1,"column":0},"end":{"line":1,"column":9}},"1":{"start":{"line":1,"column":9},"end":{"line":1,"column":55}},"2":{"start":{"line":2,"column":0},"end":{"line":2,"column":9}},"3":{"start":{"line":2,"column":9},"end":{"line":2,"column":51}}},"fnMap":{"0":{"name":"(anonymous_0)","decl":{"start":{"line":1,"column":9},"end":{"line":1,"column":25}},"loc":{"start":{"line":1,"column":9},"end":{"line":1,"column":55}}},"1":{"name":"(anonymous_1)","decl":{"start":{"line":2,"column":9},"end":{"line":2,"column":23}},"loc":{"start":{"line":2,"column":9},"end":{"line":2,"column":51}}}},"branchMap":{},"s":{"0":4,"1":7,"2":4,"3":5},"f":{"0":3,"1":1},"b":{}}
,"/Users/romanbubnov/Code/rs-react-app/rs-react-app/src/pages/main/ui/components-section/loading-component.tsx": {"path":"/Users/romanbubnov/Code/rs-react-app/rs-react-app/src/pages/main/ui/components-section/loading-component.tsx","statementMap":{"0":{"start":{"line":1,"column":0},"end":{"line":1,"column":26}},"1":{"start":{"line":2,"column":0},"end":{"line":2,"column":39}},"2":{"start":{"line":6,"column":4},"end":{"line":10,"column":6}},"3":{"start":{"line":4,"column":0},"end":{"line":4,"column":13}}},"fnMap":{"0":{"name":"(anonymous_1)","decl":{"start":{"line":5,"column":2},"end":{"line":5,"column":8}},"loc":{"start":{"line":5,"column":8},"end":{"line":11,"column":3}}}},"branchMap":{},"s":{"0":4,"1":4,"2":3,"3":4},"f":{"0":3},"b":{}}
,"/Users/romanbubnov/Code/rs-react-app/rs-react-app/src/pages/main/ui/search-section/index.ts": {"path":"/Users/romanbubnov/Code/rs-react-app/rs-react-app/src/pages/main/ui/search-section/index.ts","statementMap":{"0":{"start":{"line":1,"column":0},"end":{"line":1,"column":9}},"1":{"start":{"line":1,"column":9},"end":{"line":1,"column":45}}},"fnMap":{"0":{"name":"(anonymous_0)","decl":{"start":{"line":1,"column":9},"end":{"line":1,"column":20}},"loc":{"start":{"line":1,"column":9},"end":{"line":1,"column":45}}}},"branchMap":{},"s":{"0":0,"1":0},"f":{"0":0},"b":{}}
,"/Users/romanbubnov/Code/rs-react-app/rs-react-app/src/pages/main/ui/search-section/search-input.tsx": {"path":"/Users/romanbubnov/Code/rs-react-app/rs-react-app/src/pages/main/ui/search-section/search-input.tsx","statementMap":{"0":{"start":{"line":1,"column":0},"end":{"line":1,"column":72}},"1":{"start":{"line":2,"column":0},"end":{"line":2,"column":26}},"2":{"start":{"line":4,"column":0},"end":{"line":4,"column":39}},"3":{"start":{"line":7,"column":2},"end":{"line":9,"column":null}},"4":{"start":{"line":17,"column":2},"end":{"line":19,"column":null}},"5":{"start":{"line":18,"column":4},"end":{"line":18,"column":73}},"6":{"start":{"line":18,"column":22},"end":{"line":18,"column":73}},"7":{"start":{"line":21,"column":2},"end":{"line":26,"column":null}},"8":{"start":{"line":22,"column":4},"end":{"line":22,"column":27}},"9":{"start":{"line":23,"column":28},"end":{"line":23,"column":38}},"10":{"start":{"line":24,"column":4},"end":{"line":24,"column":28}},"11":{"start":{"line":25,"column":4},"end":{"line":25,"column":37}},"12":{"start":{"line":12,"column":25},"end":{"line":12,"column":37}},"13":{"start":{"line":13,"column":4},"end":{"line":13,"column":49}},"14":{"start":{"line":14,"column":4},"end":{"line":14,"column":56}},"15":{"start":{"line":14,"column":22},"end":{"line":14,"column":56}},"16":{"start":{"line":29,"column":4},"end":{"line":48,"column":6}},"17":{"start":{"line":6,"column":0},"end":{"line":6,"column":13}}},"fnMap":{"0":{"name":"(anonymous_1)","decl":{"start":{"line":6,"column":0},"end":{"line":6,"column":13}},"loc":{"start":{"line":6,"column":0},"end":{"line":50,"column":1}}},"1":{"name":"(anonymous_2)","decl":{"start":{"line":17,"column":22},"end":{"line":17,"column":23}},"loc":{"start":{"line":17,"column":69},"end":{"line":19,"column":3}}},"2":{"name":"(anonymous_3)","decl":{"start":{"line":21,"column":17},"end":{"line":21,"column":18}},"loc":{"start":{"line":21,"column":65},"end":{"line":26,"column":3}}},"3":{"name":"(anonymous_4)","decl":{"start":{"line":11,"column":2},"end":{"line":11,"column":19}},"loc":{"start":{"line":11,"column":19},"end":{"line":15,"column":3}}},"4":{"name":"(anonymous_5)","decl":{"start":{"line":28,"column":2},"end":{"line":28,"column":8}},"loc":{"start":{"line":28,"column":8},"end":{"line":49,"column":3}}}},"branchMap":{"0":{"loc":{"start":{"line":18,"column":4},"end":{"line":18,"column":73}},"type":"if","locations":[{"start":{"line":18,"column":4},"end":{"line":18,"column":73}},{"start":{},"end":{}}]},"1":{"loc":{"start":{"line":14,"column":4},"end":{"line":14,"column":56}},"type":"if","locations":[{"start":{"line":14,"column":4},"end":{"line":14,"column":56}},{"start":{},"end":{}}]}},"s":{"0":2,"1":2,"2":2,"3":4,"4":4,"5":2,"6":2,"7":4,"8":1,"9":1,"10":1,"11":1,"12":4,"13":4,"14":4,"15":2,"16":10,"17":2},"f":{"0":4,"1":2,"2":1,"3":4,"4":10},"b":{"0":[2,0],"1":[2,2]}}
,"/Users/romanbubnov/Code/rs-react-app/rs-react-app/src/pages/main/ui/table-section/index.ts": {"path":"/Users/romanbubnov/Code/rs-react-app/rs-react-app/src/pages/main/ui/table-section/index.ts","statementMap":{"0":{"start":{"line":1,"column":0},"end":{"line":1,"column":9}},"1":{"start":{"line":1,"column":9},"end":{"line":1,"column":32}}},"fnMap":{"0":{"name":"(anonymous_0)","decl":{"start":{"line":1,"column":9},"end":{"line":1,"column":14}},"loc":{"start":{"line":1,"column":9},"end":{"line":1,"column":32}}}},"branchMap":{},"s":{"0":3,"1":4},"f":{"0":1},"b":{}}
,"/Users/romanbubnov/Code/rs-react-app/rs-react-app/src/pages/main/ui/table-section/table-item.tsx": {"path":"/Users/romanbubnov/Code/rs-react-app/rs-react-app/src/pages/main/ui/table-section/table-item.tsx","statementMap":{"0":{"start":{"line":1,"column":0},"end":{"line":1,"column":26}},"1":{"start":{"line":2,"column":0},"end":{"line":2,"column":39}},"2":{"start":{"line":7,"column":67},"end":{"line":7,"column":77}},"3":{"start":{"line":8,"column":4},"end":{"line":35,"column":6}},"4":{"start":{"line":5,"column":0},"end":{"line":5,"column":13}}},"fnMap":{"0":{"name":"(anonymous_1)","decl":{"start":{"line":6,"column":2},"end":{"line":6,"column":8}},"loc":{"start":{"line":6,"column":8},"end":{"line":36,"column":3}}}},"branchMap":{},"s":{"0":3,"1":3,"2":1,"3":1,"4":3},"f":{"0":1},"b":{}}
,"/Users/romanbubnov/Code/rs-react-app/rs-react-app/src/pages/main/ui/table-section/table.tsx": {"path":"/Users/romanbubnov/Code/rs-react-app/rs-react-app/src/pages/main/ui/table-section/table.tsx","statementMap":{"0":{"start":{"line":1,"column":0},"end":{"line":1,"column":26}},"1":{"start":{"line":2,"column":0},"end":{"line":2,"column":41}},"2":{"start":{"line":7,"column":21},"end":{"line":7,"column":31}},"3":{"start":{"line":8,"column":4},"end":{"line":26,"column":6}},"4":{"start":{"line":22,"column":38},"end":{"line":22,"column":65}},"5":{"start":{"line":5,"column":0},"end":{"line":5,"column":13}}},"fnMap":{"0":{"name":"(anonymous_1)","decl":{"start":{"line":6,"column":2},"end":{"line":6,"column":8}},"loc":{"start":{"line":6,"column":8},"end":{"line":27,"column":3}}},"1":{"name":"(anonymous_2)","decl":{"start":{"line":22,"column":21},"end":{"line":22,"column":22}},"loc":{"start":{"line":22,"column":38},"end":{"line":22,"column":65}}}},"branchMap":{"0":{"loc":{"start":{"line":17,"column":11},"end":{"line":22,"column":null}},"type":"cond-expr","locations":[{"start":{"line":18,"column":12},"end":{"line":19,"column":null}},{"start":{"line":22,"column":12},"end":{"line":22,"column":74}}]}},"s":{"0":3,"1":3,"2":1,"3":1,"4":2,"5":3},"f":{"0":1,"1":2},"b":{"0":[0,1]}}
,"/Users/romanbubnov/Code/rs-react-app/rs-react-app/src/shared/index.ts": {"path":"/Users/romanbubnov/Code/rs-react-app/rs-react-app/src/shared/index.ts","statementMap":{"0":{"start":{"line":1,"column":0},"end":{"line":1,"column":36}},"1":{"start":{"line":2,"column":0},"end":{"line":2,"column":29}},"2":{"start":{"line":3,"column":0},"end":{"line":3,"column":26}},"3":{"start":{"line":4,"column":0},"end":{"line":4,"column":21}}},"fnMap":{},"branchMap":{},"s":{"0":4,"1":4,"2":4,"3":4},"f":{},"b":{}}
,"/Users/romanbubnov/Code/rs-react-app/rs-react-app/src/shared/storage.tsx": {"path":"/Users/romanbubnov/Code/rs-react-app/rs-react-app/src/shared/storage.tsx","statementMap":{"0":{"start":{"line":3,"column":0},"end":{"line":3,"column":16}},"1":{"start":{"line":7,"column":0},"end":{"line":7,"column":16}},"2":{"start":{"line":1,"column":12},"end":{"line":1,"column":26}},"3":{"start":{"line":4,"column":2},"end":{"line":4,"column":41}},"4":{"start":{"line":8,"column":2},"end":{"line":8,"column":35}}},"fnMap":{"0":{"name":"setStorage","decl":{"start":{"line":3,"column":16},"end":{"line":3,"column":26}},"loc":{"start":{"line":3,"column":41},"end":{"line":5,"column":1}}},"1":{"name":"getStorage","decl":{"start":{"line":7,"column":16},"end":{"line":7,"column":26}},"loc":{"start":{"line":7,"column":26},"end":{"line":9,"column":1}}}},"branchMap":{"0":{"loc":{"start":{"line":4,"column":28},"end":{"line":4,"column":39}},"type":"binary-expr","locations":[{"start":{"line":4,"column":28},"end":{"line":4,"column":33}},{"start":{"line":4,"column":37},"end":{"line":4,"column":39}}]}},"s":{"0":4,"1":4,"2":4,"3":3,"4":0},"f":{"0":3,"1":0},"b":{"0":[3,0]}}
,"/Users/romanbubnov/Code/rs-react-app/rs-react-app/src/shared/interfaces/index.ts": {"path":"/Users/romanbubnov/Code/rs-react-app/rs-react-app/src/shared/interfaces/index.ts","statementMap":{"0":{"start":{"line":1,"column":0},"end":{"line":1,"column":29}}},"fnMap":{},"branchMap":{},"s":{"0":4},"f":{},"b":{}}
,"/Users/romanbubnov/Code/rs-react-app/rs-react-app/src/shared/ui/error-boundary.tsx": {"path":"/Users/romanbubnov/Code/rs-react-app/rs-react-app/src/shared/ui/error-boundary.tsx","statementMap":{"0":{"start":{"line":1,"column":0},"end":{"line":1,"column":50}},"1":{"start":{"line":3,"column":0},"end":{"line":3,"column":40}},"2":{"start":{"line":4,"column":0},"end":{"line":4,"column":39}},"3":{"start":{"line":11,"column":4},"end":{"line":11,"column":17}},"4":{"start":{"line":30,"column":2},"end":{"line":33,"column":null}},"5":{"start":{"line":31,"column":4},"end":{"line":31,"column":19}},"6":{"start":{"line":32,"column":4},"end":{"line":32,"column":29}},"7":{"start":{"line":12,"column":4},"end":{"line":16,"column":6}},"8":{"start":{"line":20,"column":4},"end":{"line":20,"column":54}},"9":{"start":{"line":24,"column":4},"end":{"line":24,"column":40}},"10":{"start":{"line":25,"column":4},"end":{"line":27,"column":5}},"11":{"start":{"line":26,"column":6},"end":{"line":26,"column":43}},"12":{"start":{"line":36,"column":4},"end":{"line":45,"column":5}},"13":{"start":{"line":37,"column":6},"end":{"line":44,"column":8}},"14":{"start":{"line":47,"column":4},"end":{"line":47,"column":31}},"15":{"start":{"line":6,"column":0},"end":{"line":6,"column":13}}},"fnMap":{"0":{"name":"(anonymous_1)","decl":{"start":{"line":10,"column":2},"end":{"line":10,"column":14}},"loc":{"start":{"line":10,"column":39},"end":{"line":17,"column":3}}},"1":{"name":"(anonymous_2)","decl":{"start":{"line":30,"column":16},"end":{"line":30,"column":19}},"loc":{"start":{"line":30,"column":21},"end":{"line":33,"column":3}}},"2":{"name":"(anonymous_3)","decl":{"start":{"line":19,"column":2},"end":{"line":19,"column":8}},"loc":{"start":{"line":19,"column":46},"end":{"line":21,"column":3}}},"3":{"name":"(anonymous_4)","decl":{"start":{"line":23,"column":2},"end":{"line":23,"column":19}},"loc":{"start":{"line":23,"column":54},"end":{"line":28,"column":3}}},"4":{"name":"(anonymous_5)","decl":{"start":{"line":35,"column":2},"end":{"line":35,"column":8}},"loc":{"start":{"line":35,"column":8},"end":{"line":48,"column":3}}}},"branchMap":{"0":{"loc":{"start":{"line":25,"column":4},"end":{"line":27,"column":5}},"type":"if","locations":[{"start":{"line":25,"column":4},"end":{"line":27,"column":5}},{"start":{},"end":{}}]},"1":{"loc":{"start":{"line":36,"column":4},"end":{"line":45,"column":5}},"type":"if","locations":[{"start":{"line":36,"column":4},"end":{"line":45,"column":5}},{"start":{},"end":{}}]}},"s":{"0":4,"1":4,"2":4,"3":5,"4":4,"5":0,"6":0,"7":4,"8":2,"9":1,"10":1,"11":0,"12":7,"13":3,"14":4,"15":4},"f":{"0":5,"1":0,"2":2,"3":1,"4":7},"b":{"0":[0,1],"1":[3,4]}}
,"/Users/romanbubnov/Code/rs-react-app/rs-react-app/src/shared/ui/index.ts": {"path":"/Users/romanbubnov/Code/rs-react-app/rs-react-app/src/shared/ui/index.ts","statementMap":{"0":{"start":{"line":1,"column":0},"end":{"line":1,"column":9}},"1":{"start":{"line":1,"column":9},"end":{"line":1,"column":49}}},"fnMap":{"0":{"name":"(anonymous_0)","decl":{"start":{"line":1,"column":9},"end":{"line":1,"column":22}},"loc":{"start":{"line":1,"column":9},"end":{"line":1,"column":49}}}},"branchMap":{},"s":{"0":4,"1":4},"f":{"0":0},"b":{}}
}
