TN:
SF:src/main.tsx
FNF:0
FNH:0
DA:1,0
DA:2,0
DA:3,0
DA:5,0
DA:7,0
LF:5
LH:0
BRDA:7,0,0,0
BRDA:7,0,1,0
BRF:2
BRH:0
end_of_record
TN:
SF:src/app/app.tsx
FN:6,(anonymous_1)
FNF:1
FNH:1
FNDA:1,(anonymous_1)
DA:1,1
DA:2,1
DA:3,1
DA:5,1
DA:7,1
LF:5
LH:5
BRF:0
BRH:0
end_of_record
TN:
SF:src/app/index.ts
FN:1,(anonymous_0)
FNF:1
FNH:1
FNDA:1,(anonymous_0)
DA:1,2
LF:1
LH:1
BRF:0
BRH:0
end_of_record
TN:
SF:src/pages/index.ts
FNF:0
FNH:0
DA:1,1
LF:1
LH:1
BRF:0
BRH:0
end_of_record
TN:
SF:src/pages/main/index.ts
FNF:0
FNH:0
DA:1,0
LF:1
LH:0
BRF:0
BRH:0
end_of_record
TN:
SF:src/pages/main/api/api-client.ts
FN:5,(anonymous_0)
FN:20,(anonymous_1)
FN:26,(anonymous_2)
FNF:3
FNH:3
FNDA:4,(anonymous_0)
FNDA:2,(anonymous_1)
FNDA:2,(anonymous_2)
DA:3,3
DA:5,3
DA:6,4
DA:7,4
DA:8,4
DA:9,2
DA:11,2
DA:12,2
DA:14,2
DA:15,2
DA:20,3
DA:21,2
DA:22,2
DA:23,2
DA:26,3
DA:27,2
DA:28,2
LF:17
LH:17
BRDA:8,0,0,2
BRDA:8,0,1,2
BRDA:14,1,0,2
BRDA:14,1,1,0
BRDA:21,2,0,2
BRDA:21,2,1,2
BRDA:23,3,0,1
BRDA:23,3,1,1
BRDA:28,4,0,1
BRDA:28,4,1,1
BRF:10
BRH:9
end_of_record
TN:
SF:src/pages/main/api/index.ts
FNF:0
FNH:0
DA:1,4
LF:1
LH:1
BRF:0
BRH:0
end_of_record
TN:
SF:src/pages/main/ui/index.ts
FN:1,(anonymous_4)
FNF:1
FNH:1
FNDA:1,(anonymous_4)
DA:1,3
DA:2,2
LF:2
LH:2
BRF:0
BRH:0
end_of_record
TN:
SF:src/pages/main/ui/main-page.tsx
FN:10,(anonymous_1)
FN:18,(anonymous_2)
FN:20,(anonymous_3)
FN:26,(anonymous_4)
FN:33,(anonymous_5)
FN:53,(anonymous_6)
FN:60,(anonymous_7)
FN:66,(anonymous_8)
FNF:8
FNH:4
FNDA:1,(anonymous_1)
FNDA:0,(anonymous_2)
FNDA:0,(anonymous_3)
FNDA:1,(anonymous_4)
FNDA:2,(anonymous_5)
FNDA:0,(anonymous_6)
FNDA:0,(anonymous_7)
FNDA:2,(anonymous_8)
DA:1,2
DA:2,2
DA:3,2
DA:4,2
DA:5,2
DA:6,2
DA:7,2
DA:8,2
DA:10,2
DA:11,1
DA:18,1
DA:19,0
DA:20,0
DA:22,0
DA:23,0
DA:26,1
DA:27,1
DA:28,1
DA:29,1
DA:30,0
DA:33,1
DA:34,2
DA:35,2
DA:36,0
DA:37,0
DA:38,0
DA:40,0
DA:41,0
DA:44,2
DA:45,2
DA:46,0
DA:48,2
DA:53,1
DA:54,0
DA:55,0
DA:56,0
DA:60,1
DA:61,0
DA:62,0
DA:63,0
DA:67,2
DA:69,2
LF:42
LH:25
BRDA:28,0,0,1
BRDA:28,0,1,0
BRDA:35,1,0,0
BRDA:35,1,1,2
BRDA:35,2,0,2
BRDA:35,2,1,2
BRDA:37,3,0,0
BRDA:37,3,1,0
BRDA:45,4,0,0
BRDA:45,4,1,2
BRDA:55,5,0,0
BRDA:55,5,1,0
BRDA:75,6,0,2
BRDA:75,6,1,0
BRDA:77,7,0,0
BRDA:77,7,1,0
BRF:16
BRH:6
end_of_record
TN:
SF:src/pages/main/ui/buttons-section/error-button.tsx
FN:5,(anonymous_1)
FN:6,(anonymous_2)
FN:18,(anonymous_3)
FNF:3
FNH:3
FNDA:2,(anonymous_1)
FNDA:1,(anonymous_2)
FNDA:3,(anonymous_3)
DA:2,4
DA:3,4
DA:5,4
DA:6,2
DA:7,1
DA:8,1
DA:9,1
DA:11,1
DA:12,1
DA:13,1
DA:19,3
LF:11
LH:11
BRDA:7,0,0,1
BRDA:7,0,1,0
BRDA:11,1,0,1
BRDA:11,1,1,0
BRF:4
BRH:2
end_of_record
TN:
SF:src/pages/main/ui/buttons-section/index.ts
FN:1,(anonymous_0)
FN:2,(anonymous_1)
FNF:2
FNH:2
FNDA:3,(anonymous_0)
FNDA:6,(anonymous_1)
DA:1,7
DA:2,10
LF:2
LH:2
BRF:0
BRH:0
end_of_record
TN:
SF:src/pages/main/ui/buttons-section/pagination-buttons.tsx
FN:6,(anonymous_1)
FN:18,(anonymous_2)
FN:27,(anonymous_3)
FN:12,(anonymous_4)
FN:36,(anonymous_5)
FNF:5
FNH:5
FNDA:5,(anonymous_1)
FNDA:1,(anonymous_2)
FNDA:1,(anonymous_3)
FNDA:5,(anonymous_4)
FNDA:10,(anonymous_5)
DA:1,4
DA:2,4
DA:4,4
DA:6,4
DA:7,5
DA:13,5
DA:14,5
DA:15,3
DA:18,5
DA:19,1
DA:20,1
DA:21,1
DA:22,1
DA:23,1
DA:27,5
DA:28,1
DA:29,1
DA:30,1
DA:31,1
DA:32,1
DA:37,10
LF:21
LH:21
BRDA:20,0,0,1
BRDA:20,0,1,0
BRDA:20,1,0,1
BRDA:20,1,1,1
BRDA:23,2,0,0
BRDA:23,2,1,1
BRDA:23,3,0,1
BRDA:23,3,1,0
BRDA:29,4,0,1
BRDA:29,4,1,0
BRDA:29,5,0,1
BRDA:29,5,1,1
BRDA:32,6,0,0
BRDA:32,6,1,1
BRDA:32,7,0,1
BRDA:32,7,1,0
BRDA:14,8,0,3
BRDA:14,8,1,2
BRDA:14,9,0,5
BRDA:14,9,1,4
BRF:20
BRH:14
end_of_record
TN:
SF:src/pages/main/ui/components-section/error-component.tsx
FN:5,(anonymous_1)
FNF:1
FNH:1
FNDA:1,(anonymous_1)
DA:1,4
DA:2,4
DA:4,4
DA:6,1
DA:7,1
LF:5
LH:5
BRF:0
BRH:0
end_of_record
TN:
SF:src/pages/main/ui/components-section/index.ts
FN:1,(anonymous_0)
FN:2,(anonymous_1)
FNF:2
FNH:2
FNDA:3,(anonymous_0)
FNDA:1,(anonymous_1)
DA:1,7
DA:2,5
LF:2
LH:2
BRF:0
BRH:0
end_of_record
TN:
SF:src/pages/main/ui/components-section/loading-component.tsx
FN:5,(anonymous_1)
FNF:1
FNH:1
FNDA:3,(anonymous_1)
DA:1,4
DA:2,4
DA:4,4
DA:6,3
LF:4
LH:4
BRF:0
BRH:0
end_of_record
TN:
SF:src/pages/main/ui/search-section/index.ts
FN:1,(anonymous_0)
FNF:1
FNH:0
FNDA:0,(anonymous_0)
DA:1,0
LF:1
LH:0
BRF:0
BRH:0
end_of_record
TN:
SF:src/pages/main/ui/search-section/search-input.tsx
FN:6,(anonymous_1)
FN:17,(anonymous_2)
FN:21,(anonymous_3)
FN:11,(anonymous_4)
FN:28,(anonymous_5)
FNF:5
FNH:5
FNDA:4,(anonymous_1)
FNDA:2,(anonymous_2)
FNDA:1,(anonymous_3)
FNDA:4,(anonymous_4)
FNDA:10,(anonymous_5)
DA:1,2
DA:2,2
DA:4,2
DA:6,2
DA:7,4
DA:12,4
DA:13,4
DA:14,4
DA:17,4
DA:18,2
DA:21,4
DA:22,1
DA:23,1
DA:24,1
DA:25,1
DA:29,10
LF:16
LH:16
BRDA:18,0,0,2
BRDA:18,0,1,0
BRDA:14,1,0,2
BRDA:14,1,1,2
BRF:4
BRH:3
end_of_record
TN:
SF:src/pages/main/ui/table-section/index.ts
FN:1,(anonymous_0)
FNF:1
FNH:1
FNDA:1,(anonymous_0)
DA:1,4
LF:1
LH:1
BRF:0
BRH:0
end_of_record
TN:
SF:src/pages/main/ui/table-section/table-item.tsx
FN:6,(anonymous_1)
FNF:1
FNH:1
FNDA:1,(anonymous_1)
DA:1,3
DA:2,3
DA:5,3
DA:7,1
DA:8,1
LF:5
LH:5
BRF:0
BRH:0
end_of_record
TN:
SF:src/pages/main/ui/table-section/table.tsx
FN:6,(anonymous_1)
FN:22,(anonymous_2)
FNF:2
FNH:2
FNDA:1,(anonymous_1)
FNDA:2,(anonymous_2)
DA:1,3
DA:2,3
DA:5,3
DA:7,1
DA:8,1
DA:22,2
LF:6
LH:6
BRDA:17,0,0,0
BRDA:17,0,1,1
BRF:2
BRH:1
end_of_record
TN:
SF:src/shared/index.ts
FNF:0
FNH:0
DA:1,4
DA:2,4
DA:3,4
DA:4,4
LF:4
LH:4
BRF:0
BRH:0
end_of_record
TN:
SF:src/shared/storage.tsx
FN:3,setStorage
FN:7,getStorage
FNF:2
FNH:1
FNDA:3,setStorage
FNDA:0,getStorage
DA:1,4
DA:3,4
DA:4,3
DA:7,4
DA:8,0
LF:5
LH:4
BRDA:4,0,0,3
BRDA:4,0,1,0
BRF:2
BRH:1
end_of_record
TN:
SF:src/shared/interfaces/index.ts
FNF:0
FNH:0
DA:1,4
LF:1
LH:1
BRF:0
BRH:0
end_of_record
TN:
SF:src/shared/ui/error-boundary.tsx
FN:10,(anonymous_1)
FN:30,(anonymous_2)
FN:19,(anonymous_3)
FN:23,(anonymous_4)
FN:35,(anonymous_5)
FNF:5
FNH:4
FNDA:5,(anonymous_1)
FNDA:0,(anonymous_2)
FNDA:2,(anonymous_3)
FNDA:1,(anonymous_4)
FNDA:7,(anonymous_5)
DA:1,4
DA:3,4
DA:4,4
DA:6,4
DA:11,5
DA:12,4
DA:20,2
DA:24,1
DA:25,1
DA:26,0
DA:30,4
DA:31,0
DA:32,0
DA:36,7
DA:37,3
DA:47,4
LF:16
LH:13
BRDA:25,0,0,0
BRDA:25,0,1,1
BRDA:36,1,0,3
BRDA:36,1,1,4
BRF:4
BRH:3
end_of_record
TN:
SF:src/shared/ui/index.ts
FN:1,(anonymous_0)
FNF:1
FNH:0
FNDA:0,(anonymous_0)
DA:1,4
LF:1
LH:1
BRF:0
BRH:0
end_of_record
